{"contracts/IconiqTokenMock.sol":{"l":{"15":21,"16":21,"20":0,"21":0},"path":"/home/lukas/sicos/vreo-contracts/contracts/IconiqTokenMock.sol","s":{"1":21,"2":21,"3":0,"4":0},"b":{},"f":{"1":21,"2":0},"fnMap":{"1":{"name":null,"line":14,"loc":{"start":{"line":14,"column":4},"end":{"line":14,"column":39}}},"2":{"name":"setBalance","line":19,"loc":{"start":{"line":19,"column":4},"end":{"line":19,"column":59}}}},"statementMap":{"1":{"start":{"line":15,"column":8},"end":{"line":15,"column":33}},"2":{"start":{"line":16,"column":8},"end":{"line":16,"column":32}},"3":{"start":{"line":20,"column":8},"end":{"line":20,"column":67}},"4":{"start":{"line":21,"column":8},"end":{"line":21,"column":35}}},"branchMap":{}},"contracts/PostKYCCrowdsale.sol":{"l":{"41":0,"42":0,"43":0,"45":0,"46":0,"48":0,"50":0,"52":0,"53":0,"55":0,"56":0,"58":0,"67":0,"69":0,"71":0,"73":0,"75":0,"76":0,"78":0,"80":0,"82":0,"84":0,"92":0,"94":0,"101":0,"102":0,"104":0,"106":0,"107":0,"110":0,"111":0,"119":0,"120":0,"127":0,"128":0,"135":0,"137":0},"path":"/home/lukas/sicos/vreo-contracts/contracts/PostKYCCrowdsale.sol","s":{"1":0,"2":0,"3":0,"4":0,"5":0,"6":0,"7":0,"8":0,"9":0,"10":0,"11":0,"12":0,"13":0,"14":0,"15":0,"16":0,"17":0,"18":0,"19":0,"20":0,"21":0,"22":0,"23":0,"24":0,"25":0,"26":0,"27":0,"28":0,"29":0,"30":0,"31":0,"32":0},"b":{"1":[0,0],"2":[0,0],"3":[0,0],"4":[0,0],"5":[0,0],"6":[0,0],"7":[0,0],"8":[0,0],"9":[0,0]},"f":{"1":0,"2":0,"3":0,"4":0,"5":0,"6":0,"7":0},"fnMap":{"1":{"name":"verifyInvestors","line":40,"loc":{"start":{"line":40,"column":4},"end":{"line":40,"column":65}}},"2":{"name":"withdrawInvestment","line":66,"loc":{"start":{"line":66,"column":4},"end":{"line":66,"column":38}}},"3":{"name":"_preValidatePurchase","line":90,"loc":{"start":{"line":90,"column":4},"end":{"line":90,"column":79}}},"4":{"name":"_processPurchase","line":100,"loc":{"start":{"line":100,"column":4},"end":{"line":100,"column":77}}},"5":{"name":"_forwardFunds","line":116,"loc":{"start":{"line":116,"column":4},"end":{"line":116,"column":35}}},"6":{"name":"_forwardFunds","line":126,"loc":{"start":{"line":126,"column":4},"end":{"line":126,"column":50}}},"7":{"name":"_postValidatePurchase","line":134,"loc":{"start":{"line":134,"column":4},"end":{"line":134,"column":80}}}},"statementMap":{"1":{"start":{"line":41,"column":8},"end":{"line":41,"column":1610}},"2":{"start":{"line":42,"column":12},"end":{"line":42,"column":43}},"3":{"start":{"line":43,"column":12},"end":{"line":43,"column":64}},"4":{"start":{"line":45,"column":12},"end":{"line":45,"column":1787}},"5":{"start":{"line":46,"column":16},"end":{"line":46,"column":43}},"6":{"start":{"line":48,"column":16},"end":{"line":48,"column":47}},"7":{"start":{"line":50,"column":16},"end":{"line":50,"column":70}},"8":{"start":{"line":52,"column":16},"end":{"line":52,"column":2070}},"9":{"start":{"line":53,"column":20},"end":{"line":53,"column":52}},"10":{"start":{"line":55,"column":20},"end":{"line":55,"column":61}},"11":{"start":{"line":56,"column":20},"end":{"line":56,"column":63}},"12":{"start":{"line":58,"column":20},"end":{"line":58,"column":70}},"13":{"start":{"line":67,"column":8},"end":{"line":67,"column":62}},"14":{"start":{"line":69,"column":8},"end":{"line":69,"column":38}},"15":{"start":{"line":71,"column":8},"end":{"line":71,"column":58}},"16":{"start":{"line":73,"column":8},"end":{"line":73,"column":36}},"17":{"start":{"line":75,"column":8},"end":{"line":75,"column":38}},"18":{"start":{"line":76,"column":8},"end":{"line":76,"column":40}},"19":{"start":{"line":78,"column":8},"end":{"line":78,"column":64}},"20":{"start":{"line":82,"column":8},"end":{"line":82,"column":62}},"21":{"start":{"line":84,"column":8},"end":{"line":84,"column":56}},"22":{"start":{"line":92,"column":8},"end":{"line":92,"column":42}},"23":{"start":{"line":101,"column":8},"end":{"line":101,"column":62}},"24":{"start":{"line":102,"column":8},"end":{"line":102,"column":79}},"25":{"start":{"line":104,"column":8},"end":{"line":104,"column":3867}},"26":{"start":{"line":106,"column":12},"end":{"line":106,"column":53}},"27":{"start":{"line":107,"column":12},"end":{"line":107,"column":60}},"28":{"start":{"line":110,"column":12},"end":{"line":110,"column":90}},"29":{"start":{"line":111,"column":12},"end":{"line":111,"column":61}},"30":{"start":{"line":119,"column":8},"end":{"line":119,"column":4577}},"31":{"start":{"line":127,"column":8},"end":{"line":127,"column":58}},"32":{"start":{"line":137,"column":8},"end":{"line":137,"column":56}}},"branchMap":{"1":{"line":45,"type":"if","locations":[{"start":{"line":45,"column":12},"end":{"line":45,"column":12}},{"start":{"line":45,"column":12},"end":{"line":45,"column":12}}]},"2":{"line":52,"type":"if","locations":[{"start":{"line":52,"column":16},"end":{"line":52,"column":16}},{"start":{"line":52,"column":16},"end":{"line":52,"column":16}}]},"3":{"line":69,"type":"if","locations":[{"start":{"line":69,"column":8},"end":{"line":69,"column":8}},{"start":{"line":69,"column":8},"end":{"line":69,"column":8}}]},"4":{"line":73,"type":"if","locations":[{"start":{"line":73,"column":8},"end":{"line":73,"column":8}},{"start":{"line":73,"column":8},"end":{"line":73,"column":8}}]},"5":{"line":84,"type":"if","locations":[{"start":{"line":84,"column":8},"end":{"line":84,"column":8}},{"start":{"line":84,"column":8},"end":{"line":84,"column":8}}]},"6":{"line":92,"type":"if","locations":[{"start":{"line":92,"column":8},"end":{"line":92,"column":8}},{"start":{"line":92,"column":8},"end":{"line":92,"column":8}}]},"7":{"line":104,"type":"if","locations":[{"start":{"line":104,"column":8},"end":{"line":104,"column":8}},{"start":{"line":104,"column":8},"end":{"line":104,"column":8}}]},"8":{"line":119,"type":"if","locations":[{"start":{"line":119,"column":8},"end":{"line":119,"column":8}},{"start":{"line":119,"column":8},"end":{"line":119,"column":8}}]},"9":{"line":137,"type":"if","locations":[{"start":{"line":137,"column":8},"end":{"line":137,"column":8}},{"start":{"line":137,"column":8},"end":{"line":137,"column":8}}]}}},"contracts/VreoToken.sol":{"l":{"20":22},"path":"/home/lukas/sicos/vreo-contracts/contracts/VreoToken.sol","s":{"1":22},"b":{},"f":{"1":22},"fnMap":{"1":{"name":null,"line":19,"loc":{"start":{"line":19,"column":4},"end":{"line":19,"column":51}}}},"statementMap":{"1":{"start":{"line":20,"column":8},"end":{"line":20,"column":14}}},"branchMap":{}},"contracts/VreoTokenBounty.sol":{"l":{"16":2,"18":1,"25":6,"27":4,"28":3},"path":"/home/lukas/sicos/vreo-contracts/contracts/VreoTokenBounty.sol","s":{"1":2,"2":1,"3":6,"4":4},"b":{"1":[1,1],"2":[4,2]},"f":{"1":2,"2":6},"fnMap":{"1":{"name":null,"line":15,"loc":{"start":{"line":15,"column":4},"end":{"line":15,"column":38}}},"2":{"name":"distributeTokens","line":24,"loc":{"start":{"line":24,"column":4},"end":{"line":24,"column":84}}}},"statementMap":{"1":{"start":{"line":16,"column":8},"end":{"line":16,"column":45}},"2":{"start":{"line":18,"column":8},"end":{"line":18,"column":21}},"3":{"start":{"line":25,"column":8},"end":{"line":25,"column":53}},"4":{"start":{"line":27,"column":8},"end":{"line":27,"column":743}}},"branchMap":{"1":{"line":16,"type":"if","locations":[{"start":{"line":16,"column":8},"end":{"line":16,"column":8}},{"start":{"line":16,"column":8},"end":{"line":16,"column":8}}]},"2":{"line":25,"type":"if","locations":[{"start":{"line":25,"column":8},"end":{"line":25,"column":8}},{"start":{"line":25,"column":8},"end":{"line":25,"column":8}}]}}},"contracts/VreoTokenSale.sol":{"l":{"80":0,"87":0,"93":0,"94":0,"95":0,"96":0,"97":0,"99":0,"106":0,"107":0,"109":0,"111":0,"112":0,"113":0,"116":0,"124":0,"126":0,"128":0,"133":0,"135":0,"141":0,"147":0,"154":0,"155":0,"158":0,"165":0,"167":0,"174":0,"176":0,"177":0,"180":0,"181":0,"184":0,"185":0,"188":0,"195":0,"197":0,"202":0,"204":0,"205":0,"206":0,"207":0,"209":0,"210":0,"212":0},"path":"/home/lukas/sicos/vreo-contracts/contracts/VreoTokenSale.sol","s":{"1":0,"2":0,"3":0,"4":0,"5":0,"6":0,"7":0,"8":0,"9":0,"10":0,"11":0,"12":0,"13":0,"14":0,"15":0,"16":0,"17":0,"18":0,"19":0,"20":0,"21":0,"22":0,"23":0,"24":0,"25":0,"26":0,"27":0,"28":0,"29":0,"30":0,"31":0,"32":0,"33":0,"34":0,"35":0,"36":0,"37":0,"38":0,"39":0,"40":0,"41":0},"b":{"1":[0,0],"2":[0,0],"3":[0,0],"4":[0,0],"5":[0,0],"6":[0,0],"7":[0,0],"8":[0,0],"9":[0,0],"10":[0,0],"11":[0,0]},"f":{"1":0,"2":0,"3":0,"4":0,"5":0,"6":0,"7":0,"8":0,"9":0,"10":0,"11":0},"fnMap":{"1":{"name":null,"line":65,"loc":{"start":{"line":65,"column":4},"end":{"line":78,"column":5}}},"2":{"name":"distributePresale","line":105,"loc":{"start":{"line":105,"column":4},"end":{"line":105,"column":84}}},"3":{"name":"setRate","line":121,"loc":{"start":{"line":121,"column":4},"end":{"line":121,"column":50}}},"4":{"name":"withdrawInvestment","line":132,"loc":{"start":{"line":132,"column":4},"end":{"line":132,"column":38}}},"5":{"name":"iconiqSaleOngoing","line":140,"loc":{"start":{"line":140,"column":4},"end":{"line":140,"column":57}}},"6":{"name":"vreoSaleOngoing","line":146,"loc":{"start":{"line":146,"column":4},"end":{"line":146,"column":55}}},"7":{"name":"getIconiqMaxInvestment","line":153,"loc":{"start":{"line":153,"column":4},"end":{"line":153,"column":79}}},"8":{"name":"_preValidatePurchase","line":164,"loc":{"start":{"line":164,"column":4},"end":{"line":164,"column":79}}},"9":{"name":"_getTokenAmount","line":173,"loc":{"start":{"line":173,"column":4},"end":{"line":173,"column":72}}},"10":{"name":"_deliverTokens","line":194,"loc":{"start":{"line":194,"column":4},"end":{"line":194,"column":75}}},"11":{"name":"finalization","line":201,"loc":{"start":{"line":201,"column":4},"end":{"line":201,"column":34}}}},"statementMap":{"1":{"start":{"line":80,"column":8},"end":{"line":80,"column":3490}},"2":{"start":{"line":87,"column":8},"end":{"line":87,"column":3802}},"3":{"start":{"line":93,"column":8},"end":{"line":93,"column":33}},"4":{"start":{"line":94,"column":8},"end":{"line":94,"column":33}},"5":{"start":{"line":95,"column":8},"end":{"line":95,"column":41}},"6":{"start":{"line":96,"column":8},"end":{"line":96,"column":37}},"7":{"start":{"line":97,"column":8},"end":{"line":97,"column":37}},"8":{"start":{"line":99,"column":8},"end":{"line":99,"column":55}},"9":{"start":{"line":106,"column":8},"end":{"line":106,"column":28}},"10":{"start":{"line":107,"column":8},"end":{"line":107,"column":52}},"11":{"start":{"line":109,"column":8},"end":{"line":109,"column":27}},"12":{"start":{"line":111,"column":8},"end":{"line":111,"column":4635}},"13":{"start":{"line":112,"column":12},"end":{"line":112,"column":27}},"14":{"start":{"line":113,"column":12},"end":{"line":113,"column":53}},"15":{"start":{"line":116,"column":8},"end":{"line":116,"column":71}},"16":{"start":{"line":124,"column":8},"end":{"line":124,"column":60}},"17":{"start":{"line":126,"column":8},"end":{"line":126,"column":22}},"18":{"start":{"line":128,"column":8},"end":{"line":128,"column":34}},"19":{"start":{"line":133,"column":8},"end":{"line":133,"column":27}},"20":{"start":{"line":141,"column":8},"end":{"line":141,"column":81}},"21":{"start":{"line":147,"column":8},"end":{"line":147,"column":77}},"22":{"start":{"line":154,"column":8},"end":{"line":154,"column":60}},"23":{"start":{"line":155,"column":8},"end":{"line":155,"column":83}},"24":{"start":{"line":158,"column":8},"end":{"line":158,"column":72}},"25":{"start":{"line":167,"column":8},"end":{"line":167,"column":108}},"26":{"start":{"line":174,"column":8},"end":{"line":174,"column":59}},"27":{"start":{"line":176,"column":8},"end":{"line":176,"column":7167}},"28":{"start":{"line":177,"column":12},"end":{"line":177,"column":75}},"29":{"start":{"line":180,"column":8},"end":{"line":180,"column":7302}},"30":{"start":{"line":181,"column":12},"end":{"line":181,"column":81}},"31":{"start":{"line":184,"column":8},"end":{"line":184,"column":7445}},"32":{"start":{"line":185,"column":12},"end":{"line":185,"column":81}},"33":{"start":{"line":188,"column":8},"end":{"line":188,"column":26}},"34":{"start":{"line":195,"column":8},"end":{"line":195,"column":72}},"35":{"start":{"line":202,"column":8},"end":{"line":202,"column":48}},"36":{"start":{"line":204,"column":8},"end":{"line":204,"column":23}},"37":{"start":{"line":205,"column":8},"end":{"line":205,"column":23}},"38":{"start":{"line":206,"column":8},"end":{"line":206,"column":23}},"39":{"start":{"line":207,"column":8},"end":{"line":207,"column":23}},"40":{"start":{"line":209,"column":8},"end":{"line":209,"column":23}},"41":{"start":{"line":210,"column":8},"end":{"line":210,"column":23}}},"branchMap":{"1":{"line":80,"type":"if","locations":[{"start":{"line":80,"column":8},"end":{"line":80,"column":8}},{"start":{"line":80,"column":8},"end":{"line":80,"column":8}}]},"2":{"line":87,"type":"if","locations":[{"start":{"line":87,"column":8},"end":{"line":87,"column":8}},{"start":{"line":87,"column":8},"end":{"line":87,"column":8}}]},"3":{"line":106,"type":"if","locations":[{"start":{"line":106,"column":8},"end":{"line":106,"column":8}},{"start":{"line":106,"column":8},"end":{"line":106,"column":8}}]},"4":{"line":107,"type":"if","locations":[{"start":{"line":107,"column":8},"end":{"line":107,"column":8}},{"start":{"line":107,"column":8},"end":{"line":107,"column":8}}]},"5":{"line":124,"type":"if","locations":[{"start":{"line":124,"column":8},"end":{"line":124,"column":8}},{"start":{"line":124,"column":8},"end":{"line":124,"column":8}}]},"6":{"line":133,"type":"if","locations":[{"start":{"line":133,"column":8},"end":{"line":133,"column":8}},{"start":{"line":133,"column":8},"end":{"line":133,"column":8}}]},"7":{"line":167,"type":"if","locations":[{"start":{"line":167,"column":8},"end":{"line":167,"column":8}},{"start":{"line":167,"column":8},"end":{"line":167,"column":8}}]},"8":{"line":176,"type":"if","locations":[{"start":{"line":176,"column":8},"end":{"line":176,"column":8}},{"start":{"line":176,"column":8},"end":{"line":176,"column":8}}]},"9":{"line":180,"type":"if","locations":[{"start":{"line":180,"column":8},"end":{"line":180,"column":8}},{"start":{"line":180,"column":8},"end":{"line":180,"column":8}}]},"10":{"line":184,"type":"if","locations":[{"start":{"line":184,"column":8},"end":{"line":184,"column":8}},{"start":{"line":184,"column":8},"end":{"line":184,"column":8}}]},"11":{"line":202,"type":"if","locations":[{"start":{"line":202,"column":8},"end":{"line":202,"column":8}},{"start":{"line":202,"column":8},"end":{"line":202,"column":8}}]}}}}