TN:
SF:/home/lukas/sicos/vreo-contracts/contracts/IconiqTokenMock.sol
FN:14,
FN:19,setBalance
FNF:2
FNH:1
FNDA:21,
FNDA:0,setBalance
DA:15,21
DA:16,21
DA:20,0
DA:21,0
LF:4
LH:2
BRF:0
BRH:0
end_of_record
TN:
SF:/home/lukas/sicos/vreo-contracts/contracts/PostKYCCrowdsale.sol
FN:40,verifyInvestors
FN:66,withdrawInvestment
FN:90,_preValidatePurchase
FN:100,_processPurchase
FN:116,_forwardFunds
FN:126,_forwardFunds
FN:134,_postValidatePurchase
FNF:7
FNH:0
FNDA:0,verifyInvestors
FNDA:0,withdrawInvestment
FNDA:0,_preValidatePurchase
FNDA:0,_processPurchase
FNDA:0,_forwardFunds
FNDA:0,_forwardFunds
FNDA:0,_postValidatePurchase
DA:41,0
DA:42,0
DA:43,0
DA:45,0
DA:46,0
DA:48,0
DA:50,0
DA:52,0
DA:53,0
DA:55,0
DA:56,0
DA:58,0
DA:67,0
DA:69,0
DA:71,0
DA:73,0
DA:75,0
DA:76,0
DA:78,0
DA:80,0
DA:82,0
DA:84,0
DA:92,0
DA:94,0
DA:101,0
DA:102,0
DA:104,0
DA:106,0
DA:107,0
DA:110,0
DA:111,0
DA:119,0
DA:120,0
DA:127,0
DA:128,0
DA:135,0
DA:137,0
LF:37
LH:0
BRDA:45,1,0,0
BRDA:45,1,1,0
BRDA:52,2,0,0
BRDA:52,2,1,0
BRDA:69,3,0,0
BRDA:69,3,1,0
BRDA:73,4,0,0
BRDA:73,4,1,0
BRDA:84,5,0,0
BRDA:84,5,1,0
BRDA:92,6,0,0
BRDA:92,6,1,0
BRDA:104,7,0,0
BRDA:104,7,1,0
BRDA:119,8,0,0
BRDA:119,8,1,0
BRDA:137,9,0,0
BRDA:137,9,1,0
BRF:18
BRH:0
end_of_record
TN:
SF:/home/lukas/sicos/vreo-contracts/contracts/VreoToken.sol
FN:19,
FNF:1
FNH:1
FNDA:22,
DA:20,22
LF:1
LH:1
BRF:0
BRH:0
end_of_record
TN:
SF:/home/lukas/sicos/vreo-contracts/contracts/VreoTokenBounty.sol
FN:15,
FN:24,distributeTokens
FNF:2
FNH:2
FNDA:2,
FNDA:6,distributeTokens
DA:16,2
DA:18,1
DA:25,6
DA:27,4
DA:28,3
LF:5
LH:5
BRDA:16,1,0,1
BRDA:16,1,1,1
BRDA:25,2,0,4
BRDA:25,2,1,2
BRF:4
BRH:4
end_of_record
TN:
SF:/home/lukas/sicos/vreo-contracts/contracts/VreoTokenSale.sol
FN:65,
FN:105,distributePresale
FN:121,setRate
FN:132,withdrawInvestment
FN:140,iconiqSaleOngoing
FN:146,vreoSaleOngoing
FN:153,getIconiqMaxInvestment
FN:164,_preValidatePurchase
FN:173,_getTokenAmount
FN:194,_deliverTokens
FN:201,finalization
FNF:11
FNH:0
FNDA:0,
FNDA:0,distributePresale
FNDA:0,setRate
FNDA:0,withdrawInvestment
FNDA:0,iconiqSaleOngoing
FNDA:0,vreoSaleOngoing
FNDA:0,getIconiqMaxInvestment
FNDA:0,_preValidatePurchase
FNDA:0,_getTokenAmount
FNDA:0,_deliverTokens
FNDA:0,finalization
DA:80,0
DA:87,0
DA:93,0
DA:94,0
DA:95,0
DA:96,0
DA:97,0
DA:99,0
DA:106,0
DA:107,0
DA:109,0
DA:111,0
DA:112,0
DA:113,0
DA:116,0
DA:124,0
DA:126,0
DA:128,0
DA:133,0
DA:135,0
DA:141,0
DA:147,0
DA:154,0
DA:155,0
DA:158,0
DA:165,0
DA:167,0
DA:174,0
DA:176,0
DA:177,0
DA:180,0
DA:181,0
DA:184,0
DA:185,0
DA:188,0
DA:195,0
DA:197,0
DA:202,0
DA:204,0
DA:205,0
DA:206,0
DA:207,0
DA:209,0
DA:210,0
DA:212,0
LF:45
LH:0
BRDA:80,1,0,0
BRDA:80,1,1,0
BRDA:87,2,0,0
BRDA:87,2,1,0
BRDA:106,3,0,0
BRDA:106,3,1,0
BRDA:107,4,0,0
BRDA:107,4,1,0
BRDA:124,5,0,0
BRDA:124,5,1,0
BRDA:133,6,0,0
BRDA:133,6,1,0
BRDA:167,7,0,0
BRDA:167,7,1,0
BRDA:176,8,0,0
BRDA:176,8,1,0
BRDA:180,9,0,0
BRDA:180,9,1,0
BRDA:184,10,0,0
BRDA:184,10,1,0
BRDA:202,11,0,0
BRDA:202,11,1,0
BRF:22
BRH:0
end_of_record
